[debug] [2017-11-29T16:16:58.326Z] ----------------------------------------------------------------------
[debug] [2017-11-29T16:16:58.330Z] Command:       /usr/local/bin/node /usr/local/bin/firebase serve
[debug] [2017-11-29T16:16:58.331Z] CLI Version:   3.15.3
[debug] [2017-11-29T16:16:58.331Z] Platform:      darwin
[debug] [2017-11-29T16:16:58.331Z] Node Version:  v6.10.2
[debug] [2017-11-29T16:16:58.332Z] Time:          Wed Nov 29 2017 17:16:58 GMT+0100 (CET)
[debug] [2017-11-29T16:16:58.332Z] ----------------------------------------------------------------------
[debug] 
[debug] [2017-11-29T16:16:58.424Z] > command requires scopes: ["email","openid","https://www.googleapis.com/auth/cloudplatformprojects.readonly","https://www.googleapis.com/auth/firebase","https://www.googleapis.com/auth/cloud-platform"]
[debug] [2017-11-29T16:16:58.424Z] > authorizing via signed-in user
[debug] [2017-11-29T16:16:58.427Z] > refreshing access token with scopes: ["email","https://www.googleapis.com/auth/cloud-platform","https://www.googleapis.com/auth/cloudplatformprojects.readonly","https://www.googleapis.com/auth/firebase","openid"]
[debug] [2017-11-29T16:16:58.428Z] >>> HTTP REQUEST POST https://www.googleapis.com/oauth2/v3/token { refresh_token: '1/nWZivmrVvdCpRq3LfGjPbJ7FzqmEaSWYjLjaM9lXApE',
  client_id: '563584335869-fgrhgmd47bqnekij5i8b5pr03ho849e6.apps.googleusercontent.com',
  client_secret: 'j9iVZfS8kkCEFUPaAeJV0sAi',
  grant_type: 'refresh_token',
  scope: 'email https://www.googleapis.com/auth/cloud-platform https://www.googleapis.com/auth/cloudplatformprojects.readonly https://www.googleapis.com/auth/firebase openid' } 
 Wed Nov 29 2017 17:16:58 GMT+0100 (CET)
[debug] [2017-11-29T16:16:58.682Z] <<< HTTP RESPONSE 200
[debug] [2017-11-29T16:16:58.685Z] >>> HTTP REQUEST GET https://admin.firebase.com/v1/projects/kwfapp  
 Wed Nov 29 2017 17:16:58 GMT+0100 (CET)
[debug] [2017-11-29T16:16:59.513Z] <<< HTTP RESPONSE 200
[debug] [2017-11-29T16:16:59.514Z] >>> HTTP REQUEST GET https://admin.firebase.com/v1/database/kwfapp/tokens  
 Wed Nov 29 2017 17:16:59 GMT+0100 (CET)
[debug] [2017-11-29T16:17:00.202Z] <<< HTTP RESPONSE 200
[info] 
[info] === Serving from '/Users/terts-teepe/Desktop/kwfapp'...
[info] 
[debug] [2017-11-29T16:17:00.219Z] >>> HTTP REQUEST GET https://cloudresourcemanager.googleapis.com/v1/projects/kwfapp  
 Wed Nov 29 2017 17:17:00 GMT+0100 (CET)
[debug] [2017-11-29T16:17:01.047Z] <<< HTTP RESPONSE 200
[debug] [2017-11-29T16:17:01.047Z] >>> HTTP REQUEST GET https://mobilesdk-pa.googleapis.com/v1/projects/1034094468770/clients/_:getWebAppConfig  
 Wed Nov 29 2017 17:17:01 GMT+0100 (CET)
[debug] [2017-11-29T16:17:01.558Z] <<< HTTP RESPONSE 200
[debug] [2017-11-29T16:17:01.903Z] TypeError: Cannot read property 'public' of undefined
    at Server.<anonymous> (/usr/local/lib/node_modules/firebase-tools/lib/serve/hosting.js:34:17)
    at Server.g (events.js:291:16)
    at emitNone (events.js:86:13)
    at Server.emit (events.js:185:7)
    at emitListeningNT (net.js:1288:10)
    at _combinedTickCallback (internal/process/next_tick.js:77:11)
    at process._tickDomainCallback (internal/process/next_tick.js:128:9)
[error] 
[error] Error: An unexpected error has occurred.
[debug] [2017-11-29T16:24:06.301Z] ----------------------------------------------------------------------
[debug] [2017-11-29T16:24:06.305Z] Command:       /usr/local/bin/node /usr/local/bin/firebase serve
[debug] [2017-11-29T16:24:06.306Z] CLI Version:   3.15.3
[debug] [2017-11-29T16:24:06.306Z] Platform:      darwin
[debug] [2017-11-29T16:24:06.306Z] Node Version:  v6.10.2
[debug] [2017-11-29T16:24:06.307Z] Time:          Wed Nov 29 2017 17:24:06 GMT+0100 (CET)
[debug] [2017-11-29T16:24:06.307Z] ----------------------------------------------------------------------
[debug] 
[debug] [2017-11-29T16:24:06.426Z] > command requires scopes: ["email","openid","https://www.googleapis.com/auth/cloudplatformprojects.readonly","https://www.googleapis.com/auth/firebase","https://www.googleapis.com/auth/cloud-platform"]
[debug] [2017-11-29T16:24:06.426Z] > authorizing via signed-in user
[debug] [2017-11-29T16:24:06.430Z] >>> HTTP REQUEST GET https://admin.firebase.com/v1/projects/kwfapp  
 Wed Nov 29 2017 17:24:06 GMT+0100 (CET)
[debug] [2017-11-29T16:24:07.208Z] <<< HTTP RESPONSE 200
[debug] [2017-11-29T16:24:07.210Z] >>> HTTP REQUEST GET https://admin.firebase.com/v1/database/kwfapp/tokens  
 Wed Nov 29 2017 17:24:07 GMT+0100 (CET)
[debug] [2017-11-29T16:24:07.863Z] <<< HTTP RESPONSE 200
[info] 
[info] === Serving from '/Users/terts-teepe/Desktop/kwfapp'...
[info] 
[debug] [2017-11-29T16:24:07.867Z] >>> HTTP REQUEST GET https://cloudresourcemanager.googleapis.com/v1/projects/kwfapp  
 Wed Nov 29 2017 17:24:07 GMT+0100 (CET)
[debug] [2017-11-29T16:24:08.600Z] <<< HTTP RESPONSE 200
[debug] [2017-11-29T16:24:08.600Z] >>> HTTP REQUEST GET https://mobilesdk-pa.googleapis.com/v1/projects/1034094468770/clients/_:getWebAppConfig  
 Wed Nov 29 2017 17:24:08 GMT+0100 (CET)
[debug] [2017-11-29T16:24:08.992Z] <<< HTTP RESPONSE 200
[debug] [2017-11-29T16:24:09.239Z] TypeError: Cannot read property 'public' of undefined
    at Server.<anonymous> (/usr/local/lib/node_modules/firebase-tools/lib/serve/hosting.js:34:17)
    at Server.g (events.js:291:16)
    at emitNone (events.js:86:13)
    at Server.emit (events.js:185:7)
    at emitListeningNT (net.js:1288:10)
    at _combinedTickCallback (internal/process/next_tick.js:77:11)
    at process._tickDomainCallback (internal/process/next_tick.js:128:9)
[error] 
[error] Error: An unexpected error has occurred.
